ARM GAS  C:\Users\user\AppData\Local\Temp\cc2Vhol9.s 			page 1


   1              		.cpu cortex-m3
   2              		.eabi_attribute 20, 1
   3              		.eabi_attribute 21, 1
   4              		.eabi_attribute 23, 3
   5              		.eabi_attribute 24, 1
   6              		.eabi_attribute 25, 1
   7              		.eabi_attribute 26, 1
   8              		.eabi_attribute 30, 1
   9              		.eabi_attribute 34, 1
  10              		.eabi_attribute 18, 4
  11              		.file	"motor.c"
  12              		.text
  13              	.Ltext0:
  14              		.cfi_sections	.debug_frame
  15              		.section	.text.motor_init,"ax",%progbits
  16              		.align	1
  17              		.global	motor_init
  18              		.arch armv7-m
  19              		.syntax unified
  20              		.thumb
  21              		.thumb_func
  22              		.fpu softvfp
  24              	motor_init:
  25              	.LFB68:
  26              		.file 1 "Core/Src/motor.c"
   1:Core/Src/motor.c **** #include "motor.h"
   2:Core/Src/motor.c **** #include "stdio.h"
   3:Core/Src/motor.c **** 
   4:Core/Src/motor.c **** motor_p motor_left;
   5:Core/Src/motor.c **** motor_p motor_right;
   6:Core/Src/motor.c **** 
   7:Core/Src/motor.c **** void motor_init(){
  27              		.loc 1 7 18 view -0
  28              		.cfi_startproc
  29              		@ args = 0, pretend = 0, frame = 0
  30              		@ frame_needed = 0, uses_anonymous_args = 0
  31              		@ link register save eliminated.
   8:Core/Src/motor.c ****     motor_left.encoder_val = 0;
  32              		.loc 1 8 5 view .LVU1
  33              		.loc 1 8 28 is_stmt 0 view .LVU2
  34 0000 0449     		ldr	r1, .L2
  35 0002 0023     		movs	r3, #0
  36 0004 0B80     		strh	r3, [r1]	@ movhi
   9:Core/Src/motor.c ****     motor_right.encoder_val = 0;
  37              		.loc 1 9 5 is_stmt 1 view .LVU3
  38              		.loc 1 9 29 is_stmt 0 view .LVU4
  39 0006 044A     		ldr	r2, .L2+4
  40 0008 1380     		strh	r3, [r2]	@ movhi
  10:Core/Src/motor.c ****     motor_left.current_speed = 0;
  41              		.loc 1 10 5 is_stmt 1 view .LVU5
  42              		.loc 1 10 30 is_stmt 0 view .LVU6
  43 000a 4B80     		strh	r3, [r1, #2]	@ movhi
  11:Core/Src/motor.c ****     motor_right.current_speed = 0;
  44              		.loc 1 11 5 is_stmt 1 view .LVU7
  45              		.loc 1 11 31 is_stmt 0 view .LVU8
  46 000c 5380     		strh	r3, [r2, #2]	@ movhi
  12:Core/Src/motor.c ****     motor_left.encoder_last_val = 0;
ARM GAS  C:\Users\user\AppData\Local\Temp\cc2Vhol9.s 			page 2


  47              		.loc 1 12 5 is_stmt 1 view .LVU9
  48              		.loc 1 12 33 is_stmt 0 view .LVU10
  49 000e 8B80     		strh	r3, [r1, #4]	@ movhi
  13:Core/Src/motor.c ****     motor_right.encoder_last_val = 0;
  50              		.loc 1 13 5 is_stmt 1 view .LVU11
  51              		.loc 1 13 34 is_stmt 0 view .LVU12
  52 0010 9380     		strh	r3, [r2, #4]	@ movhi
  14:Core/Src/motor.c **** }...
  53              		.loc 1 14 1 view .LVU13
  54 0012 7047     		bx	lr
  55              	.L3:
  56              		.align	2
  57              	.L2:
  58 0014 00000000 		.word	motor_left
  59 0018 00000000 		.word	motor_right
  60              		.cfi_endproc
  61              	.LFE68:
  63              		.comm	motor_right,6,4
  64              		.comm	motor_left,6,4
  65              		.text
  66              	.Letext0:
  67              		.file 2 "c:\\program files (x86)\\gnu tools arm embedded\\8 2019-q3-update\\arm-none-eabi\\include
  68              		.file 3 "c:\\program files (x86)\\gnu tools arm embedded\\8 2019-q3-update\\arm-none-eabi\\include
  69              		.file 4 "Drivers/CMSIS/Include/core_cm3.h"
  70              		.file 5 "Drivers/CMSIS/Device/ST/STM32F1xx/Include/system_stm32f1xx.h"
  71              		.file 6 "Drivers/STM32F1xx_HAL_Driver/Inc/stm32f1xx_hal.h"
  72              		.file 7 "Core/Inc/motor.h"
  73              		.file 8 "c:\\program files (x86)\\gnu tools arm embedded\\8 2019-q3-update\\lib\\gcc\\arm-none-eab
  74              		.file 9 "c:\\program files (x86)\\gnu tools arm embedded\\8 2019-q3-update\\arm-none-eabi\\include
  75              		.file 10 "c:\\program files (x86)\\gnu tools arm embedded\\8 2019-q3-update\\arm-none-eabi\\includ
  76              		.file 11 "c:\\program files (x86)\\gnu tools arm embedded\\8 2019-q3-update\\arm-none-eabi\\includ
ARM GAS  C:\Users\user\AppData\Local\Temp\cc2Vhol9.s 			page 3


DEFINED SYMBOLS
                            *ABS*:00000000 motor.c
C:\Users\user\AppData\Local\Temp\cc2Vhol9.s:16     .text.motor_init:00000000 $t
C:\Users\user\AppData\Local\Temp\cc2Vhol9.s:24     .text.motor_init:00000000 motor_init
C:\Users\user\AppData\Local\Temp\cc2Vhol9.s:58     .text.motor_init:00000014 $d
                            *COM*:00000006 motor_left
                            *COM*:00000006 motor_right

NO UNDEFINED SYMBOLS
